# JRE version: Java(TM) SE Runtime Environment (8.0_171-b11) (build 1.8.0_171-b11)
# Java VM: Java HotSpot(TM) 64-Bit Server VM (25.171-b11 mixed mode windows-amd64 compressed oops)
Heap:
 PSYoungGen      total 375808K, used 272670K [0x000000076ab00000, 0x000000079a600000, 0x00000007c0000000)
  eden space 122368K, 91% used [0x000000076ab00000,0x00000007718ed5a0,0x0000000772280000)
  from space 253440K, 63% used [0x0000000772280000,0x000000077beda448,0x0000000781a00000)
  to   space 317440K, 0% used [0x0000000787000000,0x0000000787000000,0x000000079a600000)
 ParOldGen       total 513536K, used 513309K [0x00000006c0000000, 0x00000006df580000, 0x000000076ab00000)
  object space 513536K, 99% used [0x00000006c0000000,0x00000006df5477a0,0x00000006df580000)
 Metaspace       used 10475K, capacity 10774K, committed 11136K, reserved 1058816K
  class space    used 1189K, capacity 1298K, committed 1408K, reserved 1048576K
GC Heap History (10 events):
Event: 6.015 GC heap before
{Heap before GC invocations=11 (full 3):
 PSYoungGen      total 278016K, used 127968K [0x000000076ab00000, 0x000000078a500000, 0x00000007c0000000)
  eden space 150016K, 0% used [0x000000076ab00000,0x000000076ab00000,0x0000000773d80000)
  from space 128000K, 99% used [0x000000077dd00000,0x00000007859f8010,0x0000000785a00000)
  to   space 163328K, 0% used [0x0000000773d80000,0x0000000773d80000,0x000000077dd00000)
 ParOldGen       total 329216K, used 274825K [0x00000006c0000000, 0x00000006d4180000, 0x000000076ab00000)
  object space 329216K, 83% used [0x00000006c0000000,0x00000006d0c62568,0x00000006d4180000)
 Metaspace       used 9947K, capacity 10236K, committed 10496K, reserved 1058816K
  class space    used 1124K, capacity 1219K, committed 1280K, reserved 1048576K
Event: 8.293 GC heap after
Heap after GC invocations=11 (full 3):
 PSYoungGen      total 278016K, used 49596K [0x000000076ab00000, 0x000000078a500000, 0x00000007c0000000)
  eden space 150016K, 0% used [0x000000076ab00000,0x000000076ab00000,0x0000000773d80000)
  from space 128000K, 38% used [0x000000077dd00000,0x0000000780d6f150,0x0000000785a00000)
  to   space 163328K, 0% used [0x0000000773d80000,0x0000000773d80000,0x000000077dd00000)
 ParOldGen       total 513536K, used 327511K [0x00000006c0000000, 0x00000006df580000, 0x000000076ab00000)
  object space 513536K, 63% used [0x00000006c0000000,0x00000006d3fd5c18,0x00000006df580000)
 Metaspace       used 9947K, capacity 10236K, committed 10496K, reserved 1058816K
  class space    used 1124K, capacity 1219K, committed 1280K, reserved 1048576K
}
Event: 8.483 GC heap before
{Heap before GC invocations=12 (full 3):
 PSYoungGen      total 278016K, used 199612K [0x000000076ab00000, 0x000000078a500000, 0x00000007c0000000)
  eden space 150016K, 100% used [0x000000076ab00000,0x0000000773d80000,0x0000000773d80000)
  from space 128000K, 38% used [0x000000077dd00000,0x0000000780d6f150,0x0000000785a00000)
  to   space 163328K, 0% used [0x0000000773d80000,0x0000000773d80000,0x000000077dd00000)
 ParOldGen       total 513536K, used 327511K [0x00000006c0000000, 0x00000006df580000, 0x000000076ab00000)
  object space 513536K, 63% used [0x00000006c0000000,0x00000006d3fd5c18,0x00000006df580000)
 Metaspace       used 9947K, capacity 10236K, committed 10496K, reserved 1058816K
  class space    used 1124K, capacity 1219K, committed 1280K, reserved 1048576K
Event: 8.717 GC heap after
Heap after GC invocations=12 (full 3):
 PSYoungGen      total 313344K, used 163296K [0x000000076ab00000, 0x000000078d800000, 0x00000007c0000000)
  eden space 150016K, 0% used [0x000000076ab00000,0x000000076ab00000,0x0000000773d80000)
  from space 163328K, 99% used [0x0000000773d80000,0x000000077dcf8030,0x000000077dd00000)
  to   space 194560K, 0% used [0x0000000781a00000,0x0000000781a00000,0x000000078d800000)
 ParOldGen       total 513536K, used 334439K [0x00000006c0000000, 0x00000006df580000, 0x000000076ab00000)
  object space 513536K, 65% used [0x00000006c0000000,0x00000006d4699c18,0x00000006df580000)
 Metaspace       used 9947K, capacity 10236K, committed 10496K, reserved 1058816K
  class space    used 1124K, capacity 1219K, committed 1280K, reserved 1048576K
}
Event: 10.096 GC heap before
{Heap before GC invocations=13 (full 3):
 PSYoungGen      total 313344K, used 313312K [0x000000076ab00000, 0x000000078d800000, 0x00000007c0000000)
  eden space 150016K, 100% used [0x000000076ab00000,0x0000000773d80000,0x0000000773d80000)
  from space 163328K, 99% used [0x0000000773d80000,0x000000077dcf8030,0x000000077dd00000)
  to   space 194560K, 0% used [0x0000000781a00000,0x0000000781a00000,0x000000078d800000)
 ParOldGen       total 513536K, used 334439K [0x00000006c0000000, 0x00000006df580000, 0x000000076ab00000)
  object space 513536K, 65% used [0x00000006c0000000,0x00000006d4699c18,0x00000006df580000)
 Metaspace       used 10022K, capacity 10266K, committed 10496K, reserved 1058816K
  class space    used 1130K, capacity 1224K, committed 1280K, reserved 1048576K
Event: 10.400 GC heap after
Heap after GC invocations=13 (full 3):
 PSYoungGen      total 316928K, used 194541K [0x000000076ab00000, 0x0000000794a00000, 0x00000007c0000000)
  eden space 122368K, 0% used [0x000000076ab00000,0x000000076ab00000,0x0000000772280000)
  from space 194560K, 99% used [0x0000000781a00000,0x000000078d7fb550,0x000000078d800000)
  to   space 253440K, 0% used [0x0000000772280000,0x0000000772280000,0x0000000781a00000)
 ParOldGen       total 513536K, used 408152K [0x00000006c0000000, 0x00000006df580000, 0x000000076ab00000)
  object space 513536K, 79% used [0x00000006c0000000,0x00000006d8e96218,0x00000006df580000)
 Metaspace       used 10022K, capacity 10266K, committed 10496K, reserved 1058816K
  class space    used 1130K, capacity 1224K, committed 1280K, reserved 1048576K
}
Event: 11.910 GC heap before
{Heap before GC invocations=14 (full 3):
 PSYoungGen      total 316928K, used 316909K [0x000000076ab00000, 0x0000000794a00000, 0x00000007c0000000)
  eden space 122368K, 100% used [0x000000076ab00000,0x0000000772280000,0x0000000772280000)
  from space 194560K, 99% used [0x0000000781a00000,0x000000078d7fb550,0x000000078d800000)
  to   space 253440K, 0% used [0x0000000772280000,0x0000000772280000,0x0000000781a00000)
 ParOldGen       total 513536K, used 408152K [0x00000006c0000000, 0x00000006df580000, 0x000000076ab00000)
  object space 513536K, 79% used [0x00000006c0000000,0x00000006d8e96218,0x00000006df580000)
 Metaspace       used 10199K, capacity 10544K, committed 10752K, reserved 1058816K
  class space    used 1153K, capacity 1265K, committed 1280K, reserved 1048576K
Event: 12.222 GC heap after
Heap after GC invocations=14 (full 3):
 PSYoungGen      total 375808K, used 253433K [0x000000076ab00000, 0x000000079a600000, 0x00000007c0000000)
  eden space 122368K, 0% used [0x000000076ab00000,0x000000076ab00000,0x0000000772280000)
  from space 253440K, 99% used [0x0000000772280000,0x00000007819fe5a0,0x0000000781a00000)
  to   space 317440K, 0% used [0x0000000787000000,0x0000000787000000,0x000000079a600000)
 ParOldGen       total 513536K, used 465632K [0x00000006c0000000, 0x00000006df580000, 0x000000076ab00000)
  object space 513536K, 90% used [0x00000006c0000000,0x00000006dc6b82c8,0x00000006df580000)
 Metaspace       used 10199K, capacity 10544K, committed 10752K, reserved 1058816K
  class space    used 1153K, capacity 1265K, committed 1280K, reserved 1048576K
}
Event: 12.222 GC heap before
{Heap before GC invocations=15 (full 4):
 PSYoungGen      total 375808K, used 253433K [0x000000076ab00000, 0x000000079a600000, 0x00000007c0000000)
  eden space 122368K, 0% used [0x000000076ab00000,0x000000076ab00000,0x0000000772280000)
  from space 253440K, 99% used [0x0000000772280000,0x00000007819fe5a0,0x0000000781a00000)
  to   space 317440K, 0% used [0x0000000787000000,0x0000000787000000,0x000000079a600000)
 ParOldGen       total 513536K, used 465632K [0x00000006c0000000, 0x00000006df580000, 0x000000076ab00000)
  object space 513536K, 90% used [0x00000006c0000000,0x00000006dc6b82c8,0x00000006df580000)
 Metaspace       used 10199K, capacity 10544K, committed 10752K, reserved 1058816K
  class space    used 1153K, capacity 1265K, committed 1280K, reserved 1048576K
Event: 15.896 GC heap after
Heap after GC invocations=15 (full 4):
 PSYoungGen      total 375808K, used 160105K [0x000000076ab00000, 0x000000079a600000, 0x00000007c0000000)
  eden space 122368K, 0% used [0x000000076ab00000,0x000000076ab00000,0x0000000772280000)
  from space 253440K, 63% used [0x0000000772280000,0x000000077beda448,0x0000000781a00000)
  to   space 317440K, 0% used [0x0000000787000000,0x0000000787000000,0x000000079a600000)
 ParOldGen       total 513536K, used 513309K [0x00000006c0000000, 0x00000006df580000, 0x000000076ab00000)
  object space 513536K, 99% used [0x00000006c0000000,0x00000006df5477a0,0x00000006df580000)
 Metaspace       used 10199K, capacity 10544K, committed 10752K, reserved 1058816K
  class space    used 1153K, capacity 1265K, committed 1280K, reserved 1048576K
}

